0 info it worked if it ends with ok
1 verbose cli [ 'E:\\node.js\\node.exe',
1 verbose cli   'E:\\node.js\\node_modules\\npm\\bin\\npm-cli.js',
1 verbose cli   'start' ]
2 info using npm@3.10.10
3 info using node@v6.10.2
4 verbose run-script [ 'prestart', 'start', 'poststart' ]
5 info lifecycle comment-react@0.1.0~prestart: comment-react@0.1.0
6 silly lifecycle comment-react@0.1.0~prestart: no script for prestart, continuing
7 info lifecycle comment-react@0.1.0~start: comment-react@0.1.0
8 verbose lifecycle comment-react@0.1.0~start: unsafe-perm in lifecycle true
9 verbose lifecycle comment-react@0.1.0~start: PATH: E:\node.js\node_modules\npm\bin\node-gyp-bin;F:\Code\React\comment-react\node_modules\.bin;C:\ProgramData\Oracle\Java\javapath;C:\WINDOWS\system32;C:\WINDOWS;C:\WINDOWS\System32\Wbem;C:\WINDOWS\System32\WindowsPowerShell\v1.0\;E:\JDK\jdk-8u65\bin;C:\Program Files\Microsoft SQL Server\120\Tools\Binn\;C:\Program Files (x86)\Windows Kits\8.1\Windows Performance Toolkit\;C:\Program Files\Microsoft SQL Server\110\Tools\Binn\;E:\Python\pythonPackage;E:\sublime\Sublime Text 3;E:\MySql\MySql\bin;C:\Program Files (x86)\ATI Technologies\ATI.ACE\Core-Static;E:\mingw\mingw-w64\x86_64-4.9.2-posix-seh-rt_v3-rev1\mingw64\bin;E:\matlabR2016a\setup-package\runtime\win64;E:\matlabR2016a\setup-package\bin;E:\matlabR2016a\setup-package\polyspace\bin;E:\git\Git\cmd;E:\node.js\; E:\sublime\Sublime Text 3;C:\Users\Yangping\AppData\Local\Microsoft\WindowsApps;C:\Users\Yangping\AppData\Roaming\npm
10 verbose lifecycle comment-react@0.1.0~start: CWD: F:\Code\React\comment-react
11 silly lifecycle comment-react@0.1.0~start: Args: [ '/d /s /c', 'react-scripts start' ]
12 silly lifecycle comment-react@0.1.0~start: Returned: code: 3221225786  signal: null
13 info lifecycle comment-react@0.1.0~start: Failed to exec start script
14 verbose stack Error: comment-react@0.1.0 start: `react-scripts start`
14 verbose stack Exit status 3221225786
14 verbose stack     at EventEmitter.<anonymous> (E:\node.js\node_modules\npm\lib\utils\lifecycle.js:255:16)
14 verbose stack     at emitTwo (events.js:106:13)
14 verbose stack     at EventEmitter.emit (events.js:191:7)
14 verbose stack     at ChildProcess.<anonymous> (E:\node.js\node_modules\npm\lib\utils\spawn.js:40:14)
14 verbose stack     at emitTwo (events.js:106:13)
14 verbose stack     at ChildProcess.emit (events.js:191:7)
14 verbose stack     at maybeClose (internal/child_process.js:886:16)
14 verbose stack     at Process.ChildProcess._handle.onexit (internal/child_process.js:226:5)
15 verbose pkgid comment-react@0.1.0
16 verbose cwd F:\Code\React\comment-react
17 error Windows_NT 10.0.14393
18 error argv "E:\\node.js\\node.exe" "E:\\node.js\\node_modules\\npm\\bin\\npm-cli.js" "start"
19 error node v6.10.2
20 error npm  v3.10.10
21 error code ELIFECYCLE
22 error comment-react@0.1.0 start: `react-scripts start`
22 error Exit status 3221225786
23 error Failed at the comment-react@0.1.0 start script 'react-scripts start'.
23 error Make sure you have the latest version of node.js and npm installed.
23 error If you do, this is most likely a problem with the comment-react package,
23 error not with npm itself.
23 error Tell the author that this fails on your system:
23 error     react-scripts start
23 error You can get information on how to open an issue for this project with:
23 error     npm bugs comment-react
23 error Or if that isn't available, you can get their info via:
23 error     npm owner ls comment-react
23 error There is likely additional logging output above.
24 verbose exit [ 1, true ]
